
[0m[2m[35m$[0m [2m[1mnext build[0m
   [1m[38;2;173;127;168m▲ Next.js 15.3.5[39m[22m
   - Environments: .env

 [37m[1m [22m[39m Creating an optimized production build ...
 [32m[1m✓[22m[39m Compiled successfully in 4.0s
 [37m[1m [22m[39m Skipping validation of types
 [37m[1m [22m[39m Skipping linting
[?25l [37m[1m [22m[39m Collecting page data  [36m.[39m[2K[1G [37m[1m [22m[39m Collecting page data  [36m..[39m[2K[1G[?25h [37m[1m [22m[39m Collecting page data     [32m[1m✓[22m[39m Collecting page data 
[?25l [37m[1m [22m[39m Generating static pages (0/6)  [36m[    ][39m[2K[1G [37m[1m [22m[39m Generating static pages (0/6)  [36m[=   ][39m[2K[1G [37m[1m [22m[39m Generating static pages (5/6)  [36m[==  ][39m[2K[1G [37m[1m [22m[39m Generating static pages (5/6)  [36m[=== ][39m[2K[1G [37m[1m [22m[39m Generating static pages (5/6)  [36m[ ===][39m[2K[1G [37m[1m [22m[39m Generating static pages (5/6)  [36m[  ==][39m[2K[1G [37m[1m [22m[39m Generating static pages (5/6)  [36m[   =][39m[2K[1G [37m[1m [22m[39m Generating static pages (5/6)  [36m[    ][39m[2K[1G [37m[1m [22m[39m Generating static pages (5/6)  [36m[   =][39m[2K[1G[?25hFailed to fetch price for external market 100 TypeError: fetch failed
    at async (.next/server/app/page.js:17:1251)
    at async $ (.next/server/app/page.js:17:1505)
    at async M (.next/server/app/page.js:17:2241) {
  [cause]: [AggregateError: ] { code: 'ECONNREFUSED' }
}
Failed to fetch price for external market 103 TypeError: fetch failed
    at async (.next/server/app/page.js:17:1076)
    at async $ (.next/server/app/page.js:17:1505)
    at async M (.next/server/app/page.js:17:2241) {
  [cause]: [AggregateError: ] { code: 'ECONNREFUSED' }
}
Failed to fetch price for external market 104 TypeError: fetch failed
    at async (.next/server/app/page.js:17:1251)
    at async $ (.next/server/app/page.js:17:1505)
    at async M (.next/server/app/page.js:17:2241) {
  [cause]: [AggregateError: ] { code: 'ECONNREFUSED' }
}
Failed to fetch price for external market 117 TypeError: fetch failed
    at async (.next/server/app/page.js:17:1076)
    at async $ (.next/server/app/page.js:17:1505)
    at async M (.next/server/app/page.js:17:2241) {
  [cause]: [AggregateError: ] { code: 'ECONNREFUSED' }
}
Failed to fetch price for external market 120 TypeError: fetch failed
    at async (.next/server/app/page.js:17:1251)
    at async $ (.next/server/app/page.js:17:1505)
    at async M (.next/server/app/page.js:17:2241) {
  [cause]: [AggregateError: ] { code: 'ECONNREFUSED' }
}
Failed to fetch price for external market 123 TypeError: fetch failed
    at async (.next/server/app/page.js:17:1251)
    at async $ (.next/server/app/page.js:17:1505)
    at async M (.next/server/app/page.js:17:2241) {
  [cause]: [AggregateError: ] { code: 'ECONNREFUSED' }
}
Failed to fetch price for external market 125 TypeError: fetch failed
    at async (.next/server/app/page.js:17:1076)
    at async $ (.next/server/app/page.js:17:1505)
    at async M (.next/server/app/page.js:17:2241) {
  [cause]: [AggregateError: ] { code: 'ECONNREFUSED' }
}
Failed to fetch price for external market 126 TypeError: fetch failed
    at async (.next/server/app/page.js:17:1251)
    at async $ (.next/server/app/page.js:17:1505)
    at async M (.next/server/app/page.js:17:2241) {
  [cause]: [AggregateError: ] { code: 'ECONNREFUSED' }
}
Failed to fetch price for external market 98 TypeError: fetch failed
    at async (.next/server/app/page.js:17:1076)
    at async $ (.next/server/app/page.js:17:1505)
    at async M (.next/server/app/page.js:17:2241) {
  [cause]: [AggregateError: ] { code: 'ECONNREFUSED' }
}
Failed to fetch price for external market 99 TypeError: fetch failed
    at async (.next/server/app/page.js:17:1251)
    at async $ (.next/server/app/page.js:17:1505)
    at async M (.next/server/app/page.js:17:2241) {
  [cause]: [AggregateError: ] { code: 'ECONNREFUSED' }
}
Failed to fetch price for external market 101 TypeError: fetch failed
    at async (.next/server/app/page.js:17:1076)
    at async $ (.next/server/app/page.js:17:1505)
    at async M (.next/server/app/page.js:17:2241) {
  [cause]: [AggregateError: ] { code: 'ECONNREFUSED' }
}
Failed to fetch price for external market 107 TypeError: fetch failed
    at async (.next/server/app/page.js:17:1251)
    at async $ (.next/server/app/page.js:17:1505)
    at async M (.next/server/app/page.js:17:2241) {
  [cause]: [AggregateError: ] { code: 'ECONNREFUSED' }
}
Failed to fetch price for external market 102 TypeError: fetch failed
    at async (.next/server/app/page.js:17:1251)
    at async $ (.next/server/app/page.js:17:1505)
    at async M (.next/server/app/page.js:17:2241) {
  [cause]: [AggregateError: ] { code: 'ECONNREFUSED' }
}
Failed to fetch price for external market 114 TypeError: fetch failed
    at async (.next/server/app/page.js:17:1076)
    at async $ (.next/server/app/page.js:17:1505)
    at async M (.next/server/app/page.js:17:2241) {
  [cause]: [AggregateError: ] { code: 'ECONNREFUSED' }
}
Failed to fetch price for external market 119 TypeError: fetch failed
    at async (.next/server/app/page.js:17:1076)
    at async $ (.next/server/app/page.js:17:1505)
    at async M (.next/server/app/page.js:17:2241) {
  [cause]: [AggregateError: ] { code: 'ECONNREFUSED' }
}
Failed to fetch price for external market 129 TypeError: fetch failed
    at async (.next/server/app/page.js:17:1251)
    at async $ (.next/server/app/page.js:17:1505)
    at async M (.next/server/app/page.js:17:2241) {
  [cause]: [AggregateError: ] { code: 'ECONNREFUSED' }
}
Failed to fetch price for external market 131 TypeError: fetch failed
    at async (.next/server/app/page.js:17:1251)
    at async $ (.next/server/app/page.js:17:1505)
    at async M (.next/server/app/page.js:17:2241) {
  [cause]: [AggregateError: ] { code: 'ECONNREFUSED' }
}
Failed to fetch price for external market 135 TypeError: fetch failed
    at async (.next/server/app/page.js:17:1251)
    at async $ (.next/server/app/page.js:17:1505)
    at async M (.next/server/app/page.js:17:2241) {
  [cause]: [AggregateError: ] { code: 'ECONNREFUSED' }
}
Failed to fetch price for external market 134 TypeError: fetch failed
    at async (.next/server/app/page.js:17:1076)
    at async $ (.next/server/app/page.js:17:1505)
    at async M (.next/server/app/page.js:17:2241) {
  [cause]: [AggregateError: ] { code: 'ECONNREFUSED' }
}
[?25h [32m[1m✓[22m[39m Generating static pages (6/6)
[?25l [37m[1m [22m[39m Finalizing page optimization  [36m.[39m[?25l [37m[1m [22m[39m Collecting build traces  [36m.[39m[2K[1G [37m[1m [22m[39m Finalizing page optimization  [36m..[39m[2K[1G [37m[1m [22m[39m Collecting build traces  [36m..[39m[2K[1G [37m[1m [22m[39m Finalizing page optimization  [36m...[39m[2K[1G [37m[1m [22m[39m Collecting build traces  [36m...[39m[2K[1G[?25h [37m[1m [22m[39m Collecting build traces     [32m[1m✓[22m[39m Collecting build traces 
[2K[1G[?25h [37m[1m [22m[39m Finalizing page optimization     [32m[1m✓[22m[39m Finalizing page optimization 

[4mRoute (app)[24m                                 [4mSize[24m  [4mFirst Load JS[24m  [4m[24m  [4m[24m
┌ ƒ /                                    6.28 kB         [37m[1m526 kB[22m[39m
├ ƒ /_not-found                            982 B         [37m[1m105 kB[22m[39m
├ ƒ /api/auth/[...nextauth]                139 B         [37m[1m104 kB[22m[39m
├ ƒ /market/[slug]                        107 kB         [37m[1m618 kB[22m[39m
└ ƒ /portfolio                           11.7 kB         [37m[1m179 kB[22m[39m
+ First Load JS shared by all             [37m[1m104 kB[22m[39m
  ├ chunks/8315-3f64d29e983f89f6.js      46.6 kB
  ├ chunks/87c73c54-5c1f400d3c9c2a4c.js  53.2 kB
  └ other shared chunks (total)           3.8 kB


ƒ  (Dynamic)  server-rendered on demand

[?25h
